22:29:15:438 [main] INFO  org.testng.internal.Utils - [Utils] DynamicGraphHelper.createDynamicGraph() took 11 ms.
22:29:20:259 [main] INFO  Testcases.TC002Survey_idSearch - **********start*********
22:29:21:863 [main] INFO  Testcases.TC002Survey_idSearch - **************end****************
22:29:31:311 [main] INFO  Testcases.TC002Survey_idSearch - ******start******
22:29:31:713 [main] INFO  Testcases.TC002Survey_idSearch - ******00******
22:29:31:714 [main] INFO  Testcases.TC002Survey_idSearch - ******01******
22:29:32:505 [main] INFO  Testcases.TC002Survey_idSearch - ******02******
22:29:34:746 [main] INFO  Testcases.TC002Survey_idSearch - ******03******
22:29:35:764 [main] INFO  Testcases.TC002Survey_idSearch - ******04******
22:29:36:771 [main] INFO  Testcases.TC002Survey_idSearch - ******05******
22:29:37:146 [main] INFO  Testcases.TC002Survey_idSearch - ******06******
22:29:37:320 [main] INFO  Testcases.TC002Survey_idSearch - ******07******
22:29:39:186 [main] INFO  Testcases.TC002Survey_idSearch - ******08******
22:29:39:416 [main] INFO  Testcases.TC002Survey_idSearch - ******09******
22:29:40:154 [main] INFO  Testcases.TC002Survey_idSearch - ******10******
22:29:41:363 [main] INFO  Testcases.TC002Survey_idSearch - ******11******
22:29:41:652 [main] INFO  Testcases.TC002Survey_idSearch - ******12******
22:29:42:056 [main] INFO  Testcases.TC002Survey_idSearch - ******13******
22:29:42:345 [main] INFO  Testcases.TC002Survey_idSearch - ******14******
22:29:42:886 [main] INFO  Testcases.TC002Survey_idSearch - ******15******
22:29:43:115 [main] INFO  org.testng.internal.Utils - [TestNG] Time taken by org.testng.reporters.jq.Main@44e93c1f: 154 ms
22:29:43:116 [main] INFO  org.testng.internal.Utils - [TestNG] Time taken by org.testng.reporters.FailedReporter@42373389: 1 ms
22:29:43:140 [main] INFO  org.testng.internal.Utils - [TestNG] Time taken by org.testng.reporters.XMLReporter@5ec4ff02: 23 ms
22:29:43:155 [main] INFO  org.testng.internal.Utils - [TestNG] Time taken by org.testng.reporters.EmailableReporter2@216e0771: 14 ms
22:29:43:170 [main] INFO  org.testng.internal.Utils - [TestNG] Time taken by org.testng.reporters.JUnitReportReporter@30e9ca13: 14 ms
22:29:43:173 [main] INFO  org.testng.internal.Utils - [TestNG] Time taken by org.testng.internal.ExitCodeListener@46185a1b: 1 ms
23:40:16:261 [main] INFO  org.testng.internal.Utils - [Utils] MethodGroupsHelper.collectMethodsByGroup() took 2 ms.
23:40:16:276 [main] INFO  org.testng.internal.Utils - [Utils] MethodGroupsHelper.sortMethods() took 3 ms.
23:40:16:282 [main] INFO  org.testng.internal.Utils - [Utils] MethodGroupsHelper.collectMethodsByGroup() took 0 ms.
23:40:16:283 [main] INFO  org.testng.internal.Utils - [Utils] MethodGroupsHelper.sortMethods() took 0 ms.
23:40:16:289 [main] INFO  org.testng.internal.Utils - [Utils] MethodGroupsHelper.collectMethodsByGroup() took 0 ms.
23:40:16:290 [main] INFO  org.testng.internal.Utils - [Utils] MethodGroupsHelper.sortMethods() took 0 ms.
23:40:16:298 [main] INFO  org.testng.internal.Utils - [Utils] MethodGroupsHelper.collectMethodsByGroup() took 0 ms.
23:40:16:299 [main] INFO  org.testng.internal.Utils - [Utils] MethodGroupsHelper.sortMethods() took 0 ms.
23:40:16:314 [main] INFO  org.testng.internal.Utils - [Utils] MethodGroupsHelper.collectMethodsByGroup() took 6 ms.
23:40:16:335 [main] INFO  org.testng.internal.Utils - [Utils] MethodGroupsHelper.sortMethods() took 20 ms.
23:40:16:339 [main] INFO  org.testng.internal.Utils - [Utils] MethodGroupsHelper.collectMethodsByGroup() took 0 ms.
23:40:16:340 [main] INFO  org.testng.internal.Utils - [Utils] MethodGroupsHelper.sortMethods() took 0 ms.
23:40:16:348 [main] INFO  org.testng.internal.Utils - [Utils] MethodGroupsHelper.collectMethodsByGroup() took 0 ms.
23:40:16:350 [main] INFO  org.testng.internal.Utils - [Utils] MethodGroupsHelper.sortMethods() took 1 ms.
23:40:16:352 [main] INFO  org.testng.internal.Utils - [Utils] MethodGroupsHelper.collectMethodsByGroup() took 0 ms.
23:40:16:354 [main] INFO  org.testng.internal.Utils - [Utils] MethodGroupsHelper.sortMethods() took 0 ms.
23:40:16:361 [main] INFO  org.testng.internal.Utils - [Utils] MethodGroupsHelper.collectMethodsByGroup() took 0 ms.
23:40:16:364 [main] INFO  org.testng.internal.Utils - [Utils] MethodGroupsHelper.sortMethods() took 0 ms.
23:40:16:369 [main] INFO  org.testng.internal.Utils - [Utils] MethodGroupsHelper.collectMethodsByGroup() took 0 ms.
23:40:16:372 [main] INFO  org.testng.internal.Utils - [Utils] MethodGroupsHelper.sortMethods() took 0 ms.
23:40:16:382 [main] INFO  org.testng.internal.Utils - [Utils] MethodGroupsHelper.collectMethodsByGroup() took 0 ms.
23:40:16:387 [main] INFO  org.testng.internal.Utils - [Utils] MethodGroupsHelper.sortMethods() took 0 ms.
23:40:16:390 [main] INFO  org.testng.internal.Utils - [Utils] MethodGroupsHelper.collectMethodsByGroup() took 0 ms.
23:40:16:396 [main] INFO  org.testng.internal.Utils - [Utils] MethodGroupsHelper.sortMethods() took 0 ms.
