00:19:06:167 [TestNG-tests-2] INFO  Testcases.TC004Survey_Creation - ***********
00:19:06:167 [TestNG-tests-1] INFO  Testcases.TC004Survey_Creation - ***********
00:19:27:187 [TestNG-tests-2] INFO  Testcases.TC004Survey_Creation - Welcome, Pranav Prakash
00:19:29:560 [TestNG-tests-1] INFO  Testcases.TC004Survey_Creation - Welcome, Pranav Prakash
00:19:29:999 [TestNG-tests-1] INFO  Testcases.TC007Research_Project_Study_Mapping - ***********
00:19:30:540 [TestNG-tests-2] INFO  Testcases.TC007Research_Project_Study_Mapping - ***********
10:37:11:633 [main] INFO  Testcases.TC004Survey_Creation - ***********
10:37:25:278 [main] INFO  Testcases.TC004Survey_Creation - Welcome, Pranav Prakash
10:37:25:806 [main] INFO  Testcases.TC007Research_Project_Study_Mapping - ***********
10:37:39:853 [main] INFO  Testcases.TC004Survey_Creation - ***********
10:37:56:803 [main] INFO  Testcases.TC004Survey_Creation - Welcome, Pranav Prakash
10:37:58:594 [main] INFO  Testcases.TC007Research_Project_Study_Mapping - ***********
10:39:26:857 [TestNG-tests-2] INFO  Testcases.TC004Survey_Creation - ***********
10:39:26:857 [TestNG-tests-1] INFO  Testcases.TC004Survey_Creation - ***********
10:39:47:536 [TestNG-tests-1] INFO  Testcases.TC004Survey_Creation - Welcome, Pranav Prakash
10:39:47:553 [TestNG-tests-2] INFO  Testcases.TC004Survey_Creation - Welcome, Pranav Prakash
10:39:48:294 [TestNG-tests-1] INFO  Testcases.TC007Research_Project_Study_Mapping - ***********
10:39:49:561 [TestNG-tests-2] INFO  Testcases.TC007Research_Project_Study_Mapping - ***********
10:46:42:180 [TestNG-tests-2] INFO  Testcases.TC004Survey_Creation - ***********
10:46:42:437 [TestNG-tests-1] INFO  Testcases.TC004Survey_Creation - ***********
10:47:00:430 [TestNG-tests-2] INFO  Testcases.TC004Survey_Creation - Welcome, Pranav Prakash
10:47:00:974 [TestNG-tests-1] INFO  Testcases.TC004Survey_Creation - Welcome, Pranav Prakash
10:47:01:866 [TestNG-tests-1] INFO  Testcases.TC007Research_Project_Study_Mapping - ***********
10:47:03:103 [TestNG-tests-2] INFO  Testcases.TC007Research_Project_Study_Mapping - ***********
12:22:16:795 [TestNG-tests-1] INFO  Testcases.TC004Survey_Creation - ***********
12:22:16:795 [TestNG-tests-2] INFO  Testcases.TC004Survey_Creation - ***********
12:22:30:927 [TestNG-tests-2] INFO  Testcases.TC004Survey_Creation - Welcome, Pranav Prakash
12:22:32:608 [TestNG-tests-2] INFO  Testcases.TC007Research_Project_Study_Mapping - ***********
12:23:01:050 [TestNG-tests-1] INFO  Testcases.TC004Survey_Creation - Welcome, Pranav Prakash
12:23:01:544 [TestNG-tests-1] INFO  Testcases.TC007Research_Project_Study_Mapping - ***********
